{
  "RSpec": {
    "coverage": {
      "/Users/chrisrussell/makers/new-ruby-notes/spec/note_spec.rb": [
        1,
        null,
        1,
        null,
        1,
        null,
        1,
        null,
        1,
        null,
        null,
        null
      ],
      "/Users/chrisrussell/makers/new-ruby-notes/lib/note.rb": [
        1,
        null,
        1,
        null,
        1,
        3,
        null,
        null,
        1,
        0,
        null,
        null,
        null
      ],
      "/Users/chrisrussell/makers/new-ruby-notes/lib/notebook.rb": [
        1,
        null,
        1,
        null,
        1,
        1,
        null,
        null,
        1,
        2,
        null,
        null,
        1,
        2,
        null,
        null,
        null
      ],
      "/Users/chrisrussell/makers/new-ruby-notes/spec/notebook_spec.rb": [
        1,
        null,
        1,
        1,
        null,
        1,
        1,
        1,
        1,
        1,
        null,
        1,
        1,
        null,
        1,
        1,
        null,
        null,
        null,
        null
      ]
    },
    "timestamp": 1532015208
  }
}
